\BOOKMARK [0][-]{chapter.1}{\376\377\230\171\166\356\151\202\217\360}{}% 1
\BOOKMARK [1][-]{section.1.1}{\376\377\230\171\166\356\166\356\150\007}{chapter.1}% 2
\BOOKMARK [1][-]{section.1.2}{\376\377\137\123\122\115\226\066\153\265}{chapter.1}% 3
\BOOKMARK [1][-]{section.1.3}{\376\377\137\353\220\037\137\000\131\313}{chapter.1}% 4
\BOOKMARK [1][-]{section.1.4}{\376\377\174\373\176\337\147\266\147\204}{chapter.1}% 5
\BOOKMARK [0][-]{chapter.2}{\376\377\122\237\200\375\152\041\127\127\162\266\140\001}{}% 6
\BOOKMARK [0][-]{chapter.3}{\376\377\135\362\133\214\142\020\152\041\127\127\213\346\176\306\213\260\137\125}{}% 7
\BOOKMARK [1][-]{section.3.1}{\376\377\236\246\121\113\230\316\232\161\122\250\000\040\000I\000N\000M\000P\0004\0004\0001}{chapter.3}% 8
\BOOKMARK [1][-]{section.3.2}{\376\377\000W\000i\000F\000i\000\040\200\124\177\121}{chapter.3}% 9
\BOOKMARK [1][-]{section.3.3}{\376\377\166\176\136\246\213\355\227\363\213\306\122\053\000\040\000A\000S\000R}{chapter.3}% 10
\BOOKMARK [1][-]{section.3.4}{\376\377\000D\000e\000e\000p\000S\000e\000e\000k\000\040\131\047\213\355\212\000\152\041\127\213}{chapter.3}% 11
\BOOKMARK [1][-]{section.3.5}{\376\377\121\150\224\376\215\357\133\371\213\335\155\101\172\013}{chapter.3}% 12
\BOOKMARK [0][-]{chapter.4}{\376\377\137\205\211\343\121\263\225\356\230\230}{}% 13
\BOOKMARK [1][-]{section.4.1}{\376\377\000P\000S\000R\000A\000M\000\040\145\340\154\325\117\177\165\050}{chapter.4}% 14
\BOOKMARK [1][-]{section.4.2}{\376\377\000S\000t\000o\000r\000e\000P\000r\000o\000h\000i\000b\000i\000t\000e\000d\000\040\135\051\156\203}{chapter.4}% 15
\BOOKMARK [0][-]{chapter.5}{\376\377\226\066\153\265\122\022\122\006\116\016\116\373\122\241\156\005\123\125}{}% 16
\BOOKMARK [1][-]{section.5.1}{\376\377\173\054\116\000\226\066\153\265\377\032\000E\000S\000P\0003\0002\000\040\172\357\220\002\221\115\377\010\137\123\122\115\226\066\153\265\377\011}{chapter.5}% 17
\BOOKMARK [1][-]{section.5.2}{\376\377\173\054\116\214\226\066\153\265\377\032\000S\000T\000M\0003\0002\000\040\172\357\137\000\123\321}{chapter.5}% 18
\BOOKMARK [1][-]{section.5.3}{\376\377\173\054\116\011\226\066\153\265\377\032\174\373\176\337\200\124\214\003}{chapter.5}% 19
\BOOKMARK [0][-]{chapter.6}{\376\377\123\302\200\003\117\341\140\157}{}% 20
\BOOKMARK [1][-]{section.6.1}{\376\377\145\207\116\366\156\005\123\125}{chapter.6}% 21
\BOOKMARK [1][-]{section.6.2}{\376\377\000A\000P\000I\000\040\121\355\143\156}{chapter.6}% 22
\BOOKMARK [1][-]{section.6.3}{\376\377\135\362\167\345\230\316\226\151}{chapter.6}% 23
